<?xml version="1.0" encoding="UTF-8"?>
<!-- Generated by org.testng.reporters.JUnitXMLReporter -->
<testsuite hostname="LAPTOP-V7QB4JM6" ignored="0" tests="4" failures="0" timestamp="2021-04-14T23:09:43 CDT" time="6.32" errors="0">
  <testcase name="deleteSpecificemployeeInfo" time="3.265" classname="Test01_GET"/>
  <testcase name="getEmployeeDetails" time="0.744" classname="Test01_GET"/>
  <testcase name="getSpecificEmployeeDetails" time="1.571" classname="Test01_GET"/>
  <testcase name="testRESTAPI" time="0.691" classname="Test01_GET"/>
</testsuite>
